[2021-11-30 00:36:37] local.ERROR: Target class [App\Helpers\HttpResponse] does not exist. {"exception":"[object] (Illuminate\\Contracts\\Container\\BindingResolutionException(code: 0): Target class [App\\Helpers\\HttpResponse] does not exist. at /home/abilioneto/Documents/estudos/loopateste/vendor/illuminate/container/Container.php:879)
[stacktrace]
#0 /home/abilioneto/Documents/estudos/loopateste/vendor/illuminate/container/Container.php(758): Illuminate\\Container\\Container->build()
#1 /home/abilioneto/Documents/estudos/loopateste/vendor/illuminate/container/Container.php(694): Illuminate\\Container\\Container->resolve()
#2 /home/abilioneto/Documents/estudos/loopateste/vendor/laravel/lumen-framework/src/Application.php(300): Illuminate\\Container\\Container->make()
#3 /home/abilioneto/Documents/estudos/loopateste/vendor/illuminate/container/Container.php(1031): Laravel\\Lumen\\Application->make()
#4 /home/abilioneto/Documents/estudos/loopateste/vendor/illuminate/container/Container.php(951): Illuminate\\Container\\Container->resolveClass()
#5 /home/abilioneto/Documents/estudos/loopateste/vendor/illuminate/container/Container.php(912): Illuminate\\Container\\Container->resolveDependencies()
#6 /home/abilioneto/Documents/estudos/loopateste/vendor/illuminate/container/Container.php(758): Illuminate\\Container\\Container->build()
#7 /home/abilioneto/Documents/estudos/loopateste/vendor/illuminate/container/Container.php(694): Illuminate\\Container\\Container->resolve()
#8 /home/abilioneto/Documents/estudos/loopateste/vendor/laravel/lumen-framework/src/Application.php(300): Illuminate\\Container\\Container->make()
#9 /home/abilioneto/Documents/estudos/loopateste/vendor/laravel/lumen-framework/src/Concerns/RoutesRequests.php(324): Laravel\\Lumen\\Application->make()
#10 /home/abilioneto/Documents/estudos/loopateste/vendor/laravel/lumen-framework/src/Concerns/RoutesRequests.php(282): Laravel\\Lumen\\Application->callControllerAction()
#11 /home/abilioneto/Documents/estudos/loopateste/vendor/laravel/lumen-framework/src/Concerns/RoutesRequests.php(267): Laravel\\Lumen\\Application->callActionOnArrayBasedRoute()
#12 /home/abilioneto/Documents/estudos/loopateste/vendor/laravel/lumen-framework/src/Concerns/RoutesRequests.php(169): Laravel\\Lumen\\Application->handleFoundRoute()
#13 /home/abilioneto/Documents/estudos/loopateste/vendor/laravel/lumen-framework/src/Concerns/RoutesRequests.php(429): Laravel\\Lumen\\Application->Laravel\\Lumen\\Concerns\\{closure}()
#14 /home/abilioneto/Documents/estudos/loopateste/vendor/laravel/lumen-framework/src/Concerns/RoutesRequests.php(175): Laravel\\Lumen\\Application->sendThroughPipeline()
#15 /home/abilioneto/Documents/estudos/loopateste/vendor/laravel/lumen-framework/src/Concerns/RoutesRequests.php(112): Laravel\\Lumen\\Application->dispatch()
#16 /home/abilioneto/Documents/estudos/loopateste/public/index.php(28): Laravel\\Lumen\\Application->run()
#17 {main}

[previous exception] [object] (ReflectionException(code: -1): Class App\\Helpers\\HttpResponse does not exist at /home/abilioneto/Documents/estudos/loopateste/vendor/illuminate/container/Container.php:877)
[stacktrace]
#0 /home/abilioneto/Documents/estudos/loopateste/vendor/illuminate/container/Container.php(877): ReflectionClass->__construct()
#1 /home/abilioneto/Documents/estudos/loopateste/vendor/illuminate/container/Container.php(758): Illuminate\\Container\\Container->build()
#2 /home/abilioneto/Documents/estudos/loopateste/vendor/illuminate/container/Container.php(694): Illuminate\\Container\\Container->resolve()
#3 /home/abilioneto/Documents/estudos/loopateste/vendor/laravel/lumen-framework/src/Application.php(300): Illuminate\\Container\\Container->make()
#4 /home/abilioneto/Documents/estudos/loopateste/vendor/illuminate/container/Container.php(1031): Laravel\\Lumen\\Application->make()
#5 /home/abilioneto/Documents/estudos/loopateste/vendor/illuminate/container/Container.php(951): Illuminate\\Container\\Container->resolveClass()
#6 /home/abilioneto/Documents/estudos/loopateste/vendor/illuminate/container/Container.php(912): Illuminate\\Container\\Container->resolveDependencies()
#7 /home/abilioneto/Documents/estudos/loopateste/vendor/illuminate/container/Container.php(758): Illuminate\\Container\\Container->build()
#8 /home/abilioneto/Documents/estudos/loopateste/vendor/illuminate/container/Container.php(694): Illuminate\\Container\\Container->resolve()
#9 /home/abilioneto/Documents/estudos/loopateste/vendor/laravel/lumen-framework/src/Application.php(300): Illuminate\\Container\\Container->make()
#10 /home/abilioneto/Documents/estudos/loopateste/vendor/laravel/lumen-framework/src/Concerns/RoutesRequests.php(324): Laravel\\Lumen\\Application->make()
#11 /home/abilioneto/Documents/estudos/loopateste/vendor/laravel/lumen-framework/src/Concerns/RoutesRequests.php(282): Laravel\\Lumen\\Application->callControllerAction()
#12 /home/abilioneto/Documents/estudos/loopateste/vendor/laravel/lumen-framework/src/Concerns/RoutesRequests.php(267): Laravel\\Lumen\\Application->callActionOnArrayBasedRoute()
#13 /home/abilioneto/Documents/estudos/loopateste/vendor/laravel/lumen-framework/src/Concerns/RoutesRequests.php(169): Laravel\\Lumen\\Application->handleFoundRoute()
#14 /home/abilioneto/Documents/estudos/loopateste/vendor/laravel/lumen-framework/src/Concerns/RoutesRequests.php(429): Laravel\\Lumen\\Application->Laravel\\Lumen\\Concerns\\{closure}()
#15 /home/abilioneto/Documents/estudos/loopateste/vendor/laravel/lumen-framework/src/Concerns/RoutesRequests.php(175): Laravel\\Lumen\\Application->sendThroughPipeline()
#16 /home/abilioneto/Documents/estudos/loopateste/vendor/laravel/lumen-framework/src/Concerns/RoutesRequests.php(112): Laravel\\Lumen\\Application->dispatch()
#17 /home/abilioneto/Documents/estudos/loopateste/public/index.php(28): Laravel\\Lumen\\Application->run()
#18 {main}
"} 
[2021-11-30 10:33:00] local.ERROR: Too few arguments to function Carbon\Carbon::createFromFormat(), 1 passed in /home/abilioneto/Documents/estudos/loopateste/app/Repositories/FileRepository.php on line 111 and at least 2 expected {"exception":"[object] (ArgumentCountError(code: 0): Too few arguments to function Carbon\\Carbon::createFromFormat(), 1 passed in /home/abilioneto/Documents/estudos/loopateste/app/Repositories/FileRepository.php on line 111 and at least 2 expected at /home/abilioneto/Documents/estudos/loopateste/vendor/nesbot/carbon/src/Carbon/Traits/Creator.php:694)
[stacktrace]
#0 /home/abilioneto/Documents/estudos/loopateste/app/Repositories/FileRepository.php(111): Carbon\\Carbon::createFromFormat()
#1 /home/abilioneto/Documents/estudos/loopateste/app/Http/Controllers/AppController.php(38): App\\Repositories\\FileRepository->processSales()
#2 /home/abilioneto/Documents/estudos/loopateste/vendor/illuminate/container/BoundMethod.php(36): App\\Http\\Controllers\\AppController->processFile()
#3 /home/abilioneto/Documents/estudos/loopateste/vendor/illuminate/container/Util.php(40): Illuminate\\Container\\BoundMethod::Illuminate\\Container\\{closure}()
#4 /home/abilioneto/Documents/estudos/loopateste/vendor/illuminate/container/BoundMethod.php(93): Illuminate\\Container\\Util::unwrapIfClosure()
#5 /home/abilioneto/Documents/estudos/loopateste/vendor/illuminate/container/BoundMethod.php(37): Illuminate\\Container\\BoundMethod::callBoundMethod()
#6 /home/abilioneto/Documents/estudos/loopateste/vendor/illuminate/container/Container.php(653): Illuminate\\Container\\BoundMethod::call()
#7 /home/abilioneto/Documents/estudos/loopateste/vendor/laravel/lumen-framework/src/Concerns/RoutesRequests.php(389): Illuminate\\Container\\Container->call()
#8 /home/abilioneto/Documents/estudos/loopateste/vendor/laravel/lumen-framework/src/Concerns/RoutesRequests.php(355): Laravel\\Lumen\\Application->callControllerCallable()
#9 /home/abilioneto/Documents/estudos/loopateste/vendor/laravel/lumen-framework/src/Concerns/RoutesRequests.php(329): Laravel\\Lumen\\Application->callLumenController()
#10 /home/abilioneto/Documents/estudos/loopateste/vendor/laravel/lumen-framework/src/Concerns/RoutesRequests.php(282): Laravel\\Lumen\\Application->callControllerAction()
#11 /home/abilioneto/Documents/estudos/loopateste/vendor/laravel/lumen-framework/src/Concerns/RoutesRequests.php(267): Laravel\\Lumen\\Application->callActionOnArrayBasedRoute()
#12 /home/abilioneto/Documents/estudos/loopateste/vendor/laravel/lumen-framework/src/Concerns/RoutesRequests.php(169): Laravel\\Lumen\\Application->handleFoundRoute()
#13 /home/abilioneto/Documents/estudos/loopateste/vendor/laravel/lumen-framework/src/Concerns/RoutesRequests.php(429): Laravel\\Lumen\\Application->Laravel\\Lumen\\Concerns\\{closure}()
#14 /home/abilioneto/Documents/estudos/loopateste/vendor/laravel/lumen-framework/src/Concerns/RoutesRequests.php(175): Laravel\\Lumen\\Application->sendThroughPipeline()
#15 /home/abilioneto/Documents/estudos/loopateste/vendor/laravel/lumen-framework/src/Concerns/RoutesRequests.php(112): Laravel\\Lumen\\Application->dispatch()
#16 /home/abilioneto/Documents/estudos/loopateste/public/index.php(28): Laravel\\Lumen\\Application->run()
#17 {main}
"} 
