[2021-11-29 14:13:48] local.ERROR: Command "serve" is not defined. {"exception":"[object] (Symfony\\Component\\Console\\Exception\\CommandNotFoundException(code: 0): Command \"serve\" is not defined. at /home/abilioneto/Documents/estudos/loopateste/vendor/symfony/console/Application.php:682)
[stacktrace]
#0 /home/abilioneto/Documents/estudos/loopateste/vendor/symfony/console/Application.php(255): Symfony\\Component\\Console\\Application->find()
#1 /home/abilioneto/Documents/estudos/loopateste/vendor/symfony/console/Application.php(167): Symfony\\Component\\Console\\Application->doRun()
#2 /home/abilioneto/Documents/estudos/loopateste/vendor/illuminate/console/Application.php(94): Symfony\\Component\\Console\\Application->run()
#3 /home/abilioneto/Documents/estudos/loopateste/vendor/laravel/lumen-framework/src/Console/Kernel.php(116): Illuminate\\Console\\Application->run()
#4 /home/abilioneto/Documents/estudos/loopateste/artisan(35): Laravel\\Lumen\\Console\\Kernel->handle()
#5 {main}
"} 
[2021-11-29 14:17:41] local.ERROR: Unresolvable dependency resolving [Parameter #0 [ <required> $request ]] in class Illuminate\Http\Client\Request {"exception":"[object] (Illuminate\\Contracts\\Container\\BindingResolutionException(code: 0): Unresolvable dependency resolving [Parameter #0 [ <required> $request ]] in class Illuminate\\Http\\Client\\Request at /home/abilioneto/Documents/estudos/loopateste/vendor/illuminate/container/Container.php:1108)
[stacktrace]
#0 /home/abilioneto/Documents/estudos/loopateste/vendor/illuminate/container/Container.php(1015): Illuminate\\Container\\Container->unresolvablePrimitive()
#1 /home/abilioneto/Documents/estudos/loopateste/vendor/illuminate/container/Container.php(950): Illuminate\\Container\\Container->resolvePrimitive()
#2 /home/abilioneto/Documents/estudos/loopateste/vendor/illuminate/container/Container.php(912): Illuminate\\Container\\Container->resolveDependencies()
#3 /home/abilioneto/Documents/estudos/loopateste/vendor/illuminate/container/Container.php(758): Illuminate\\Container\\Container->build()
#4 /home/abilioneto/Documents/estudos/loopateste/vendor/illuminate/container/Container.php(694): Illuminate\\Container\\Container->resolve()
#5 /home/abilioneto/Documents/estudos/loopateste/vendor/laravel/lumen-framework/src/Application.php(300): Illuminate\\Container\\Container->make()
#6 /home/abilioneto/Documents/estudos/loopateste/vendor/illuminate/container/BoundMethod.php(175): Laravel\\Lumen\\Application->make()
#7 /home/abilioneto/Documents/estudos/loopateste/vendor/illuminate/container/BoundMethod.php(124): Illuminate\\Container\\BoundMethod::addDependencyForCallParameter()
#8 /home/abilioneto/Documents/estudos/loopateste/vendor/illuminate/container/BoundMethod.php(36): Illuminate\\Container\\BoundMethod::getMethodDependencies()
#9 /home/abilioneto/Documents/estudos/loopateste/vendor/illuminate/container/Util.php(40): Illuminate\\Container\\BoundMethod::Illuminate\\Container\\{closure}()
#10 /home/abilioneto/Documents/estudos/loopateste/vendor/illuminate/container/BoundMethod.php(93): Illuminate\\Container\\Util::unwrapIfClosure()
#11 /home/abilioneto/Documents/estudos/loopateste/vendor/illuminate/container/BoundMethod.php(37): Illuminate\\Container\\BoundMethod::callBoundMethod()
#12 /home/abilioneto/Documents/estudos/loopateste/vendor/illuminate/container/Container.php(653): Illuminate\\Container\\BoundMethod::call()
#13 /home/abilioneto/Documents/estudos/loopateste/vendor/laravel/lumen-framework/src/Concerns/RoutesRequests.php(389): Illuminate\\Container\\Container->call()
#14 /home/abilioneto/Documents/estudos/loopateste/vendor/laravel/lumen-framework/src/Concerns/RoutesRequests.php(355): Laravel\\Lumen\\Application->callControllerCallable()
#15 /home/abilioneto/Documents/estudos/loopateste/vendor/laravel/lumen-framework/src/Concerns/RoutesRequests.php(329): Laravel\\Lumen\\Application->callLumenController()
#16 /home/abilioneto/Documents/estudos/loopateste/vendor/laravel/lumen-framework/src/Concerns/RoutesRequests.php(282): Laravel\\Lumen\\Application->callControllerAction()
#17 /home/abilioneto/Documents/estudos/loopateste/vendor/laravel/lumen-framework/src/Concerns/RoutesRequests.php(267): Laravel\\Lumen\\Application->callActionOnArrayBasedRoute()
#18 /home/abilioneto/Documents/estudos/loopateste/vendor/laravel/lumen-framework/src/Concerns/RoutesRequests.php(169): Laravel\\Lumen\\Application->handleFoundRoute()
#19 /home/abilioneto/Documents/estudos/loopateste/vendor/laravel/lumen-framework/src/Concerns/RoutesRequests.php(429): Laravel\\Lumen\\Application->Laravel\\Lumen\\Concerns\\{closure}()
#20 /home/abilioneto/Documents/estudos/loopateste/vendor/laravel/lumen-framework/src/Concerns/RoutesRequests.php(175): Laravel\\Lumen\\Application->sendThroughPipeline()
#21 /home/abilioneto/Documents/estudos/loopateste/vendor/laravel/lumen-framework/src/Concerns/RoutesRequests.php(112): Laravel\\Lumen\\Application->dispatch()
#22 /home/abilioneto/Documents/estudos/loopateste/public/index.php(28): Laravel\\Lumen\\Application->run()
#23 {main}
"} 
[2021-11-29 14:18:57] local.ERROR: Unresolvable dependency resolving [Parameter #0 [ <required> $request ]] in class Illuminate\Http\Client\Request {"exception":"[object] (Illuminate\\Contracts\\Container\\BindingResolutionException(code: 0): Unresolvable dependency resolving [Parameter #0 [ <required> $request ]] in class Illuminate\\Http\\Client\\Request at /home/abilioneto/Documents/estudos/loopateste/vendor/illuminate/container/Container.php:1108)
[stacktrace]
#0 /home/abilioneto/Documents/estudos/loopateste/vendor/illuminate/container/Container.php(1015): Illuminate\\Container\\Container->unresolvablePrimitive()
#1 /home/abilioneto/Documents/estudos/loopateste/vendor/illuminate/container/Container.php(950): Illuminate\\Container\\Container->resolvePrimitive()
#2 /home/abilioneto/Documents/estudos/loopateste/vendor/illuminate/container/Container.php(912): Illuminate\\Container\\Container->resolveDependencies()
#3 /home/abilioneto/Documents/estudos/loopateste/vendor/illuminate/container/Container.php(758): Illuminate\\Container\\Container->build()
#4 /home/abilioneto/Documents/estudos/loopateste/vendor/illuminate/container/Container.php(694): Illuminate\\Container\\Container->resolve()
#5 /home/abilioneto/Documents/estudos/loopateste/vendor/laravel/lumen-framework/src/Application.php(300): Illuminate\\Container\\Container->make()
#6 /home/abilioneto/Documents/estudos/loopateste/vendor/illuminate/container/BoundMethod.php(175): Laravel\\Lumen\\Application->make()
#7 /home/abilioneto/Documents/estudos/loopateste/vendor/illuminate/container/BoundMethod.php(124): Illuminate\\Container\\BoundMethod::addDependencyForCallParameter()
#8 /home/abilioneto/Documents/estudos/loopateste/vendor/illuminate/container/BoundMethod.php(36): Illuminate\\Container\\BoundMethod::getMethodDependencies()
#9 /home/abilioneto/Documents/estudos/loopateste/vendor/illuminate/container/Util.php(40): Illuminate\\Container\\BoundMethod::Illuminate\\Container\\{closure}()
#10 /home/abilioneto/Documents/estudos/loopateste/vendor/illuminate/container/BoundMethod.php(93): Illuminate\\Container\\Util::unwrapIfClosure()
#11 /home/abilioneto/Documents/estudos/loopateste/vendor/illuminate/container/BoundMethod.php(37): Illuminate\\Container\\BoundMethod::callBoundMethod()
#12 /home/abilioneto/Documents/estudos/loopateste/vendor/illuminate/container/Container.php(653): Illuminate\\Container\\BoundMethod::call()
#13 /home/abilioneto/Documents/estudos/loopateste/vendor/laravel/lumen-framework/src/Concerns/RoutesRequests.php(389): Illuminate\\Container\\Container->call()
#14 /home/abilioneto/Documents/estudos/loopateste/vendor/laravel/lumen-framework/src/Concerns/RoutesRequests.php(355): Laravel\\Lumen\\Application->callControllerCallable()
#15 /home/abilioneto/Documents/estudos/loopateste/vendor/laravel/lumen-framework/src/Concerns/RoutesRequests.php(329): Laravel\\Lumen\\Application->callLumenController()
#16 /home/abilioneto/Documents/estudos/loopateste/vendor/laravel/lumen-framework/src/Concerns/RoutesRequests.php(282): Laravel\\Lumen\\Application->callControllerAction()
#17 /home/abilioneto/Documents/estudos/loopateste/vendor/laravel/lumen-framework/src/Concerns/RoutesRequests.php(267): Laravel\\Lumen\\Application->callActionOnArrayBasedRoute()
#18 /home/abilioneto/Documents/estudos/loopateste/vendor/laravel/lumen-framework/src/Concerns/RoutesRequests.php(169): Laravel\\Lumen\\Application->handleFoundRoute()
#19 /home/abilioneto/Documents/estudos/loopateste/vendor/laravel/lumen-framework/src/Concerns/RoutesRequests.php(429): Laravel\\Lumen\\Application->Laravel\\Lumen\\Concerns\\{closure}()
#20 /home/abilioneto/Documents/estudos/loopateste/vendor/laravel/lumen-framework/src/Concerns/RoutesRequests.php(175): Laravel\\Lumen\\Application->sendThroughPipeline()
#21 /home/abilioneto/Documents/estudos/loopateste/vendor/laravel/lumen-framework/src/Concerns/RoutesRequests.php(112): Laravel\\Lumen\\Application->dispatch()
#22 /home/abilioneto/Documents/estudos/loopateste/public/index.php(28): Laravel\\Lumen\\Application->run()
#23 {main}
"} 
[2021-11-29 14:18:58] local.ERROR: Unresolvable dependency resolving [Parameter #0 [ <required> $request ]] in class Illuminate\Http\Client\Request {"exception":"[object] (Illuminate\\Contracts\\Container\\BindingResolutionException(code: 0): Unresolvable dependency resolving [Parameter #0 [ <required> $request ]] in class Illuminate\\Http\\Client\\Request at /home/abilioneto/Documents/estudos/loopateste/vendor/illuminate/container/Container.php:1108)
[stacktrace]
#0 /home/abilioneto/Documents/estudos/loopateste/vendor/illuminate/container/Container.php(1015): Illuminate\\Container\\Container->unresolvablePrimitive()
#1 /home/abilioneto/Documents/estudos/loopateste/vendor/illuminate/container/Container.php(950): Illuminate\\Container\\Container->resolvePrimitive()
#2 /home/abilioneto/Documents/estudos/loopateste/vendor/illuminate/container/Container.php(912): Illuminate\\Container\\Container->resolveDependencies()
#3 /home/abilioneto/Documents/estudos/loopateste/vendor/illuminate/container/Container.php(758): Illuminate\\Container\\Container->build()
#4 /home/abilioneto/Documents/estudos/loopateste/vendor/illuminate/container/Container.php(694): Illuminate\\Container\\Container->resolve()
#5 /home/abilioneto/Documents/estudos/loopateste/vendor/laravel/lumen-framework/src/Application.php(300): Illuminate\\Container\\Container->make()
#6 /home/abilioneto/Documents/estudos/loopateste/vendor/illuminate/container/BoundMethod.php(175): Laravel\\Lumen\\Application->make()
#7 /home/abilioneto/Documents/estudos/loopateste/vendor/illuminate/container/BoundMethod.php(124): Illuminate\\Container\\BoundMethod::addDependencyForCallParameter()
#8 /home/abilioneto/Documents/estudos/loopateste/vendor/illuminate/container/BoundMethod.php(36): Illuminate\\Container\\BoundMethod::getMethodDependencies()
#9 /home/abilioneto/Documents/estudos/loopateste/vendor/illuminate/container/Util.php(40): Illuminate\\Container\\BoundMethod::Illuminate\\Container\\{closure}()
#10 /home/abilioneto/Documents/estudos/loopateste/vendor/illuminate/container/BoundMethod.php(93): Illuminate\\Container\\Util::unwrapIfClosure()
#11 /home/abilioneto/Documents/estudos/loopateste/vendor/illuminate/container/BoundMethod.php(37): Illuminate\\Container\\BoundMethod::callBoundMethod()
#12 /home/abilioneto/Documents/estudos/loopateste/vendor/illuminate/container/Container.php(653): Illuminate\\Container\\BoundMethod::call()
#13 /home/abilioneto/Documents/estudos/loopateste/vendor/laravel/lumen-framework/src/Concerns/RoutesRequests.php(389): Illuminate\\Container\\Container->call()
#14 /home/abilioneto/Documents/estudos/loopateste/vendor/laravel/lumen-framework/src/Concerns/RoutesRequests.php(355): Laravel\\Lumen\\Application->callControllerCallable()
#15 /home/abilioneto/Documents/estudos/loopateste/vendor/laravel/lumen-framework/src/Concerns/RoutesRequests.php(329): Laravel\\Lumen\\Application->callLumenController()
#16 /home/abilioneto/Documents/estudos/loopateste/vendor/laravel/lumen-framework/src/Concerns/RoutesRequests.php(282): Laravel\\Lumen\\Application->callControllerAction()
#17 /home/abilioneto/Documents/estudos/loopateste/vendor/laravel/lumen-framework/src/Concerns/RoutesRequests.php(267): Laravel\\Lumen\\Application->callActionOnArrayBasedRoute()
#18 /home/abilioneto/Documents/estudos/loopateste/vendor/laravel/lumen-framework/src/Concerns/RoutesRequests.php(169): Laravel\\Lumen\\Application->handleFoundRoute()
#19 /home/abilioneto/Documents/estudos/loopateste/vendor/laravel/lumen-framework/src/Concerns/RoutesRequests.php(429): Laravel\\Lumen\\Application->Laravel\\Lumen\\Concerns\\{closure}()
#20 /home/abilioneto/Documents/estudos/loopateste/vendor/laravel/lumen-framework/src/Concerns/RoutesRequests.php(175): Laravel\\Lumen\\Application->sendThroughPipeline()
#21 /home/abilioneto/Documents/estudos/loopateste/vendor/laravel/lumen-framework/src/Concerns/RoutesRequests.php(112): Laravel\\Lumen\\Application->dispatch()
#22 /home/abilioneto/Documents/estudos/loopateste/public/index.php(28): Laravel\\Lumen\\Application->run()
#23 {main}
"} 
[2021-11-29 14:50:28] local.ERROR: fgets() expects parameter 1 to be resource, string given {"exception":"[object] (ErrorException(code: 0): fgets() expects parameter 1 to be resource, string given at /home/abilioneto/Documents/estudos/loopateste/app/Http/Controllers/AppController.php:26)
[stacktrace]
#0 /home/abilioneto/Documents/estudos/loopateste/vendor/laravel/lumen-framework/src/Concerns/RegistersExceptionHandlers.php(47): Laravel\\Lumen\\Application->handleError()
#1 [internal function]: Laravel\\Lumen\\Application->Laravel\\Lumen\\Concerns\\{closure}()
#2 /home/abilioneto/Documents/estudos/loopateste/app/Http/Controllers/AppController.php(26): fgets()
#3 /home/abilioneto/Documents/estudos/loopateste/vendor/illuminate/container/BoundMethod.php(36): App\\Http\\Controllers\\AppController->processFile()
#4 /home/abilioneto/Documents/estudos/loopateste/vendor/illuminate/container/Util.php(40): Illuminate\\Container\\BoundMethod::Illuminate\\Container\\{closure}()
#5 /home/abilioneto/Documents/estudos/loopateste/vendor/illuminate/container/BoundMethod.php(93): Illuminate\\Container\\Util::unwrapIfClosure()
#6 /home/abilioneto/Documents/estudos/loopateste/vendor/illuminate/container/BoundMethod.php(37): Illuminate\\Container\\BoundMethod::callBoundMethod()
#7 /home/abilioneto/Documents/estudos/loopateste/vendor/illuminate/container/Container.php(653): Illuminate\\Container\\BoundMethod::call()
#8 /home/abilioneto/Documents/estudos/loopateste/vendor/laravel/lumen-framework/src/Concerns/RoutesRequests.php(389): Illuminate\\Container\\Container->call()
#9 /home/abilioneto/Documents/estudos/loopateste/vendor/laravel/lumen-framework/src/Concerns/RoutesRequests.php(355): Laravel\\Lumen\\Application->callControllerCallable()
#10 /home/abilioneto/Documents/estudos/loopateste/vendor/laravel/lumen-framework/src/Concerns/RoutesRequests.php(329): Laravel\\Lumen\\Application->callLumenController()
#11 /home/abilioneto/Documents/estudos/loopateste/vendor/laravel/lumen-framework/src/Concerns/RoutesRequests.php(282): Laravel\\Lumen\\Application->callControllerAction()
#12 /home/abilioneto/Documents/estudos/loopateste/vendor/laravel/lumen-framework/src/Concerns/RoutesRequests.php(267): Laravel\\Lumen\\Application->callActionOnArrayBasedRoute()
#13 /home/abilioneto/Documents/estudos/loopateste/vendor/laravel/lumen-framework/src/Concerns/RoutesRequests.php(169): Laravel\\Lumen\\Application->handleFoundRoute()
#14 /home/abilioneto/Documents/estudos/loopateste/vendor/laravel/lumen-framework/src/Concerns/RoutesRequests.php(429): Laravel\\Lumen\\Application->Laravel\\Lumen\\Concerns\\{closure}()
#15 /home/abilioneto/Documents/estudos/loopateste/vendor/laravel/lumen-framework/src/Concerns/RoutesRequests.php(175): Laravel\\Lumen\\Application->sendThroughPipeline()
#16 /home/abilioneto/Documents/estudos/loopateste/vendor/laravel/lumen-framework/src/Concerns/RoutesRequests.php(112): Laravel\\Lumen\\Application->dispatch()
#17 /home/abilioneto/Documents/estudos/loopateste/public/index.php(28): Laravel\\Lumen\\Application->run()
#18 {main}
"} 
[2021-11-29 14:50:47] local.ERROR: fgets() expects parameter 1 to be resource, object given {"exception":"[object] (ErrorException(code: 0): fgets() expects parameter 1 to be resource, object given at /home/abilioneto/Documents/estudos/loopateste/app/Http/Controllers/AppController.php:26)
[stacktrace]
#0 /home/abilioneto/Documents/estudos/loopateste/vendor/laravel/lumen-framework/src/Concerns/RegistersExceptionHandlers.php(47): Laravel\\Lumen\\Application->handleError()
#1 [internal function]: Laravel\\Lumen\\Application->Laravel\\Lumen\\Concerns\\{closure}()
#2 /home/abilioneto/Documents/estudos/loopateste/app/Http/Controllers/AppController.php(26): fgets()
#3 /home/abilioneto/Documents/estudos/loopateste/vendor/illuminate/container/BoundMethod.php(36): App\\Http\\Controllers\\AppController->processFile()
#4 /home/abilioneto/Documents/estudos/loopateste/vendor/illuminate/container/Util.php(40): Illuminate\\Container\\BoundMethod::Illuminate\\Container\\{closure}()
#5 /home/abilioneto/Documents/estudos/loopateste/vendor/illuminate/container/BoundMethod.php(93): Illuminate\\Container\\Util::unwrapIfClosure()
#6 /home/abilioneto/Documents/estudos/loopateste/vendor/illuminate/container/BoundMethod.php(37): Illuminate\\Container\\BoundMethod::callBoundMethod()
#7 /home/abilioneto/Documents/estudos/loopateste/vendor/illuminate/container/Container.php(653): Illuminate\\Container\\BoundMethod::call()
#8 /home/abilioneto/Documents/estudos/loopateste/vendor/laravel/lumen-framework/src/Concerns/RoutesRequests.php(389): Illuminate\\Container\\Container->call()
#9 /home/abilioneto/Documents/estudos/loopateste/vendor/laravel/lumen-framework/src/Concerns/RoutesRequests.php(355): Laravel\\Lumen\\Application->callControllerCallable()
#10 /home/abilioneto/Documents/estudos/loopateste/vendor/laravel/lumen-framework/src/Concerns/RoutesRequests.php(329): Laravel\\Lumen\\Application->callLumenController()
#11 /home/abilioneto/Documents/estudos/loopateste/vendor/laravel/lumen-framework/src/Concerns/RoutesRequests.php(282): Laravel\\Lumen\\Application->callControllerAction()
#12 /home/abilioneto/Documents/estudos/loopateste/vendor/laravel/lumen-framework/src/Concerns/RoutesRequests.php(267): Laravel\\Lumen\\Application->callActionOnArrayBasedRoute()
#13 /home/abilioneto/Documents/estudos/loopateste/vendor/laravel/lumen-framework/src/Concerns/RoutesRequests.php(169): Laravel\\Lumen\\Application->handleFoundRoute()
#14 /home/abilioneto/Documents/estudos/loopateste/vendor/laravel/lumen-framework/src/Concerns/RoutesRequests.php(429): Laravel\\Lumen\\Application->Laravel\\Lumen\\Concerns\\{closure}()
#15 /home/abilioneto/Documents/estudos/loopateste/vendor/laravel/lumen-framework/src/Concerns/RoutesRequests.php(175): Laravel\\Lumen\\Application->sendThroughPipeline()
#16 /home/abilioneto/Documents/estudos/loopateste/vendor/laravel/lumen-framework/src/Concerns/RoutesRequests.php(112): Laravel\\Lumen\\Application->dispatch()
#17 /home/abilioneto/Documents/estudos/loopateste/public/index.php(28): Laravel\\Lumen\\Application->run()
#18 {main}
"} 
[2021-11-29 14:50:47] local.ERROR: fgets() expects parameter 1 to be resource, object given {"exception":"[object] (ErrorException(code: 0): fgets() expects parameter 1 to be resource, object given at /home/abilioneto/Documents/estudos/loopateste/app/Http/Controllers/AppController.php:26)
[stacktrace]
#0 /home/abilioneto/Documents/estudos/loopateste/vendor/laravel/lumen-framework/src/Concerns/RegistersExceptionHandlers.php(47): Laravel\\Lumen\\Application->handleError()
#1 [internal function]: Laravel\\Lumen\\Application->Laravel\\Lumen\\Concerns\\{closure}()
#2 /home/abilioneto/Documents/estudos/loopateste/app/Http/Controllers/AppController.php(26): fgets()
#3 /home/abilioneto/Documents/estudos/loopateste/vendor/illuminate/container/BoundMethod.php(36): App\\Http\\Controllers\\AppController->processFile()
#4 /home/abilioneto/Documents/estudos/loopateste/vendor/illuminate/container/Util.php(40): Illuminate\\Container\\BoundMethod::Illuminate\\Container\\{closure}()
#5 /home/abilioneto/Documents/estudos/loopateste/vendor/illuminate/container/BoundMethod.php(93): Illuminate\\Container\\Util::unwrapIfClosure()
#6 /home/abilioneto/Documents/estudos/loopateste/vendor/illuminate/container/BoundMethod.php(37): Illuminate\\Container\\BoundMethod::callBoundMethod()
#7 /home/abilioneto/Documents/estudos/loopateste/vendor/illuminate/container/Container.php(653): Illuminate\\Container\\BoundMethod::call()
#8 /home/abilioneto/Documents/estudos/loopateste/vendor/laravel/lumen-framework/src/Concerns/RoutesRequests.php(389): Illuminate\\Container\\Container->call()
#9 /home/abilioneto/Documents/estudos/loopateste/vendor/laravel/lumen-framework/src/Concerns/RoutesRequests.php(355): Laravel\\Lumen\\Application->callControllerCallable()
#10 /home/abilioneto/Documents/estudos/loopateste/vendor/laravel/lumen-framework/src/Concerns/RoutesRequests.php(329): Laravel\\Lumen\\Application->callLumenController()
#11 /home/abilioneto/Documents/estudos/loopateste/vendor/laravel/lumen-framework/src/Concerns/RoutesRequests.php(282): Laravel\\Lumen\\Application->callControllerAction()
#12 /home/abilioneto/Documents/estudos/loopateste/vendor/laravel/lumen-framework/src/Concerns/RoutesRequests.php(267): Laravel\\Lumen\\Application->callActionOnArrayBasedRoute()
#13 /home/abilioneto/Documents/estudos/loopateste/vendor/laravel/lumen-framework/src/Concerns/RoutesRequests.php(169): Laravel\\Lumen\\Application->handleFoundRoute()
#14 /home/abilioneto/Documents/estudos/loopateste/vendor/laravel/lumen-framework/src/Concerns/RoutesRequests.php(429): Laravel\\Lumen\\Application->Laravel\\Lumen\\Concerns\\{closure}()
#15 /home/abilioneto/Documents/estudos/loopateste/vendor/laravel/lumen-framework/src/Concerns/RoutesRequests.php(175): Laravel\\Lumen\\Application->sendThroughPipeline()
#16 /home/abilioneto/Documents/estudos/loopateste/vendor/laravel/lumen-framework/src/Concerns/RoutesRequests.php(112): Laravel\\Lumen\\Application->dispatch()
#17 /home/abilioneto/Documents/estudos/loopateste/public/index.php(28): Laravel\\Lumen\\Application->run()
#18 {main}
"} 
[2021-11-29 14:50:51] local.ERROR: fgets() expects parameter 1 to be resource, object given {"exception":"[object] (ErrorException(code: 0): fgets() expects parameter 1 to be resource, object given at /home/abilioneto/Documents/estudos/loopateste/app/Http/Controllers/AppController.php:26)
[stacktrace]
#0 /home/abilioneto/Documents/estudos/loopateste/vendor/laravel/lumen-framework/src/Concerns/RegistersExceptionHandlers.php(47): Laravel\\Lumen\\Application->handleError()
#1 [internal function]: Laravel\\Lumen\\Application->Laravel\\Lumen\\Concerns\\{closure}()
#2 /home/abilioneto/Documents/estudos/loopateste/app/Http/Controllers/AppController.php(26): fgets()
#3 /home/abilioneto/Documents/estudos/loopateste/vendor/illuminate/container/BoundMethod.php(36): App\\Http\\Controllers\\AppController->processFile()
#4 /home/abilioneto/Documents/estudos/loopateste/vendor/illuminate/container/Util.php(40): Illuminate\\Container\\BoundMethod::Illuminate\\Container\\{closure}()
#5 /home/abilioneto/Documents/estudos/loopateste/vendor/illuminate/container/BoundMethod.php(93): Illuminate\\Container\\Util::unwrapIfClosure()
#6 /home/abilioneto/Documents/estudos/loopateste/vendor/illuminate/container/BoundMethod.php(37): Illuminate\\Container\\BoundMethod::callBoundMethod()
#7 /home/abilioneto/Documents/estudos/loopateste/vendor/illuminate/container/Container.php(653): Illuminate\\Container\\BoundMethod::call()
#8 /home/abilioneto/Documents/estudos/loopateste/vendor/laravel/lumen-framework/src/Concerns/RoutesRequests.php(389): Illuminate\\Container\\Container->call()
#9 /home/abilioneto/Documents/estudos/loopateste/vendor/laravel/lumen-framework/src/Concerns/RoutesRequests.php(355): Laravel\\Lumen\\Application->callControllerCallable()
#10 /home/abilioneto/Documents/estudos/loopateste/vendor/laravel/lumen-framework/src/Concerns/RoutesRequests.php(329): Laravel\\Lumen\\Application->callLumenController()
#11 /home/abilioneto/Documents/estudos/loopateste/vendor/laravel/lumen-framework/src/Concerns/RoutesRequests.php(282): Laravel\\Lumen\\Application->callControllerAction()
#12 /home/abilioneto/Documents/estudos/loopateste/vendor/laravel/lumen-framework/src/Concerns/RoutesRequests.php(267): Laravel\\Lumen\\Application->callActionOnArrayBasedRoute()
#13 /home/abilioneto/Documents/estudos/loopateste/vendor/laravel/lumen-framework/src/Concerns/RoutesRequests.php(169): Laravel\\Lumen\\Application->handleFoundRoute()
#14 /home/abilioneto/Documents/estudos/loopateste/vendor/laravel/lumen-framework/src/Concerns/RoutesRequests.php(429): Laravel\\Lumen\\Application->Laravel\\Lumen\\Concerns\\{closure}()
#15 /home/abilioneto/Documents/estudos/loopateste/vendor/laravel/lumen-framework/src/Concerns/RoutesRequests.php(175): Laravel\\Lumen\\Application->sendThroughPipeline()
#16 /home/abilioneto/Documents/estudos/loopateste/vendor/laravel/lumen-framework/src/Concerns/RoutesRequests.php(112): Laravel\\Lumen\\Application->dispatch()
#17 /home/abilioneto/Documents/estudos/loopateste/public/index.php(28): Laravel\\Lumen\\Application->run()
#18 {main}
"} 
[2021-11-29 14:50:52] local.ERROR: fgets() expects parameter 1 to be resource, object given {"exception":"[object] (ErrorException(code: 0): fgets() expects parameter 1 to be resource, object given at /home/abilioneto/Documents/estudos/loopateste/app/Http/Controllers/AppController.php:26)
[stacktrace]
#0 /home/abilioneto/Documents/estudos/loopateste/vendor/laravel/lumen-framework/src/Concerns/RegistersExceptionHandlers.php(47): Laravel\\Lumen\\Application->handleError()
#1 [internal function]: Laravel\\Lumen\\Application->Laravel\\Lumen\\Concerns\\{closure}()
#2 /home/abilioneto/Documents/estudos/loopateste/app/Http/Controllers/AppController.php(26): fgets()
#3 /home/abilioneto/Documents/estudos/loopateste/vendor/illuminate/container/BoundMethod.php(36): App\\Http\\Controllers\\AppController->processFile()
#4 /home/abilioneto/Documents/estudos/loopateste/vendor/illuminate/container/Util.php(40): Illuminate\\Container\\BoundMethod::Illuminate\\Container\\{closure}()
#5 /home/abilioneto/Documents/estudos/loopateste/vendor/illuminate/container/BoundMethod.php(93): Illuminate\\Container\\Util::unwrapIfClosure()
#6 /home/abilioneto/Documents/estudos/loopateste/vendor/illuminate/container/BoundMethod.php(37): Illuminate\\Container\\BoundMethod::callBoundMethod()
#7 /home/abilioneto/Documents/estudos/loopateste/vendor/illuminate/container/Container.php(653): Illuminate\\Container\\BoundMethod::call()
#8 /home/abilioneto/Documents/estudos/loopateste/vendor/laravel/lumen-framework/src/Concerns/RoutesRequests.php(389): Illuminate\\Container\\Container->call()
#9 /home/abilioneto/Documents/estudos/loopateste/vendor/laravel/lumen-framework/src/Concerns/RoutesRequests.php(355): Laravel\\Lumen\\Application->callControllerCallable()
#10 /home/abilioneto/Documents/estudos/loopateste/vendor/laravel/lumen-framework/src/Concerns/RoutesRequests.php(329): Laravel\\Lumen\\Application->callLumenController()
#11 /home/abilioneto/Documents/estudos/loopateste/vendor/laravel/lumen-framework/src/Concerns/RoutesRequests.php(282): Laravel\\Lumen\\Application->callControllerAction()
#12 /home/abilioneto/Documents/estudos/loopateste/vendor/laravel/lumen-framework/src/Concerns/RoutesRequests.php(267): Laravel\\Lumen\\Application->callActionOnArrayBasedRoute()
#13 /home/abilioneto/Documents/estudos/loopateste/vendor/laravel/lumen-framework/src/Concerns/RoutesRequests.php(169): Laravel\\Lumen\\Application->handleFoundRoute()
#14 /home/abilioneto/Documents/estudos/loopateste/vendor/laravel/lumen-framework/src/Concerns/RoutesRequests.php(429): Laravel\\Lumen\\Application->Laravel\\Lumen\\Concerns\\{closure}()
#15 /home/abilioneto/Documents/estudos/loopateste/vendor/laravel/lumen-framework/src/Concerns/RoutesRequests.php(175): Laravel\\Lumen\\Application->sendThroughPipeline()
#16 /home/abilioneto/Documents/estudos/loopateste/vendor/laravel/lumen-framework/src/Concerns/RoutesRequests.php(112): Laravel\\Lumen\\Application->dispatch()
#17 /home/abilioneto/Documents/estudos/loopateste/public/index.php(28): Laravel\\Lumen\\Application->run()
#18 {main}
"} 
[2021-11-29 18:59:30] local.ERROR: The separation symbol could not be found
The separation symbol could not be found {"exception":"[object] (Carbon\\Exceptions\\InvalidFormatException(code: 0): The separation symbol could not be found
The separation symbol could not be found at /home/abilioneto/Documents/estudos/loopateste/vendor/nesbot/carbon/src/Carbon/Traits/Creator.php:676)
[stacktrace]
#0 /home/abilioneto/Documents/estudos/loopateste/vendor/nesbot/carbon/src/Carbon/Traits/Creator.php(699): Carbon\\Carbon::rawCreateFromFormat()
#1 /home/abilioneto/Documents/estudos/loopateste/app/Http/Controllers/AppController.php(61): Carbon\\Carbon::createFromFormat()
#2 [internal function]: App\\Http\\Controllers\\AppController->App\\Http\\Controllers\\{closure}()
#3 /home/abilioneto/Documents/estudos/loopateste/vendor/illuminate/collections/Collection.php(664): array_map()
#4 /home/abilioneto/Documents/estudos/loopateste/vendor/illuminate/collections/Collection.php(1433): Illuminate\\Support\\Collection->map()
#5 /home/abilioneto/Documents/estudos/loopateste/app/Http/Controllers/AppController.php(63): Illuminate\\Support\\Collection->transform()
#6 /home/abilioneto/Documents/estudos/loopateste/vendor/illuminate/container/BoundMethod.php(36): App\\Http\\Controllers\\AppController->processFile()
#7 /home/abilioneto/Documents/estudos/loopateste/vendor/illuminate/container/Util.php(40): Illuminate\\Container\\BoundMethod::Illuminate\\Container\\{closure}()
#8 /home/abilioneto/Documents/estudos/loopateste/vendor/illuminate/container/BoundMethod.php(93): Illuminate\\Container\\Util::unwrapIfClosure()
#9 /home/abilioneto/Documents/estudos/loopateste/vendor/illuminate/container/BoundMethod.php(37): Illuminate\\Container\\BoundMethod::callBoundMethod()
#10 /home/abilioneto/Documents/estudos/loopateste/vendor/illuminate/container/Container.php(653): Illuminate\\Container\\BoundMethod::call()
#11 /home/abilioneto/Documents/estudos/loopateste/vendor/laravel/lumen-framework/src/Concerns/RoutesRequests.php(389): Illuminate\\Container\\Container->call()
#12 /home/abilioneto/Documents/estudos/loopateste/vendor/laravel/lumen-framework/src/Concerns/RoutesRequests.php(355): Laravel\\Lumen\\Application->callControllerCallable()
#13 /home/abilioneto/Documents/estudos/loopateste/vendor/laravel/lumen-framework/src/Concerns/RoutesRequests.php(329): Laravel\\Lumen\\Application->callLumenController()
#14 /home/abilioneto/Documents/estudos/loopateste/vendor/laravel/lumen-framework/src/Concerns/RoutesRequests.php(282): Laravel\\Lumen\\Application->callControllerAction()
#15 /home/abilioneto/Documents/estudos/loopateste/vendor/laravel/lumen-framework/src/Concerns/RoutesRequests.php(267): Laravel\\Lumen\\Application->callActionOnArrayBasedRoute()
#16 /home/abilioneto/Documents/estudos/loopateste/vendor/laravel/lumen-framework/src/Concerns/RoutesRequests.php(169): Laravel\\Lumen\\Application->handleFoundRoute()
#17 /home/abilioneto/Documents/estudos/loopateste/vendor/laravel/lumen-framework/src/Concerns/RoutesRequests.php(429): Laravel\\Lumen\\Application->Laravel\\Lumen\\Concerns\\{closure}()
#18 /home/abilioneto/Documents/estudos/loopateste/vendor/laravel/lumen-framework/src/Concerns/RoutesRequests.php(175): Laravel\\Lumen\\Application->sendThroughPipeline()
#19 /home/abilioneto/Documents/estudos/loopateste/vendor/laravel/lumen-framework/src/Concerns/RoutesRequests.php(112): Laravel\\Lumen\\Application->dispatch()
#20 /home/abilioneto/Documents/estudos/loopateste/public/index.php(28): Laravel\\Lumen\\Application->run()
#21 {main}
"} 
[2021-11-29 19:05:15] local.ERROR: floatval() expects exactly 1 parameter, 2 given {"exception":"[object] (ErrorException(code: 0): floatval() expects exactly 1 parameter, 2 given at /home/abilioneto/Documents/estudos/loopateste/app/Http/Controllers/AppController.php:67)
[stacktrace]
#0 /home/abilioneto/Documents/estudos/loopateste/vendor/laravel/lumen-framework/src/Concerns/RegistersExceptionHandlers.php(47): Laravel\\Lumen\\Application->handleError()
#1 [internal function]: Laravel\\Lumen\\Application->Laravel\\Lumen\\Concerns\\{closure}()
#2 /home/abilioneto/Documents/estudos/loopateste/app/Http/Controllers/AppController.php(67): floatval()
#3 [internal function]: App\\Http\\Controllers\\AppController->App\\Http\\Controllers\\{closure}()
#4 /home/abilioneto/Documents/estudos/loopateste/vendor/illuminate/collections/Collection.php(664): array_map()
#5 /home/abilioneto/Documents/estudos/loopateste/vendor/illuminate/collections/Collection.php(1433): Illuminate\\Support\\Collection->map()
#6 /home/abilioneto/Documents/estudos/loopateste/app/Http/Controllers/AppController.php(70): Illuminate\\Support\\Collection->transform()
#7 /home/abilioneto/Documents/estudos/loopateste/vendor/illuminate/container/BoundMethod.php(36): App\\Http\\Controllers\\AppController->processFile()
#8 /home/abilioneto/Documents/estudos/loopateste/vendor/illuminate/container/Util.php(40): Illuminate\\Container\\BoundMethod::Illuminate\\Container\\{closure}()
#9 /home/abilioneto/Documents/estudos/loopateste/vendor/illuminate/container/BoundMethod.php(93): Illuminate\\Container\\Util::unwrapIfClosure()
#10 /home/abilioneto/Documents/estudos/loopateste/vendor/illuminate/container/BoundMethod.php(37): Illuminate\\Container\\BoundMethod::callBoundMethod()
#11 /home/abilioneto/Documents/estudos/loopateste/vendor/illuminate/container/Container.php(653): Illuminate\\Container\\BoundMethod::call()
#12 /home/abilioneto/Documents/estudos/loopateste/vendor/laravel/lumen-framework/src/Concerns/RoutesRequests.php(389): Illuminate\\Container\\Container->call()
#13 /home/abilioneto/Documents/estudos/loopateste/vendor/laravel/lumen-framework/src/Concerns/RoutesRequests.php(355): Laravel\\Lumen\\Application->callControllerCallable()
#14 /home/abilioneto/Documents/estudos/loopateste/vendor/laravel/lumen-framework/src/Concerns/RoutesRequests.php(329): Laravel\\Lumen\\Application->callLumenController()
#15 /home/abilioneto/Documents/estudos/loopateste/vendor/laravel/lumen-framework/src/Concerns/RoutesRequests.php(282): Laravel\\Lumen\\Application->callControllerAction()
#16 /home/abilioneto/Documents/estudos/loopateste/vendor/laravel/lumen-framework/src/Concerns/RoutesRequests.php(267): Laravel\\Lumen\\Application->callActionOnArrayBasedRoute()
#17 /home/abilioneto/Documents/estudos/loopateste/vendor/laravel/lumen-framework/src/Concerns/RoutesRequests.php(169): Laravel\\Lumen\\Application->handleFoundRoute()
#18 /home/abilioneto/Documents/estudos/loopateste/vendor/laravel/lumen-framework/src/Concerns/RoutesRequests.php(429): Laravel\\Lumen\\Application->Laravel\\Lumen\\Concerns\\{closure}()
#19 /home/abilioneto/Documents/estudos/loopateste/vendor/laravel/lumen-framework/src/Concerns/RoutesRequests.php(175): Laravel\\Lumen\\Application->sendThroughPipeline()
#20 /home/abilioneto/Documents/estudos/loopateste/vendor/laravel/lumen-framework/src/Concerns/RoutesRequests.php(112): Laravel\\Lumen\\Application->dispatch()
#21 /home/abilioneto/Documents/estudos/loopateste/public/index.php(28): Laravel\\Lumen\\Application->run()
#22 {main}
"} 
[2021-11-29 19:11:17] local.ERROR: ltrim() expects parameter 1 to be string, array given {"exception":"[object] (ErrorException(code: 0): ltrim() expects parameter 1 to be string, array given at /home/abilioneto/Documents/estudos/loopateste/app/Http/Controllers/AppController.php:74)
[stacktrace]
#0 /home/abilioneto/Documents/estudos/loopateste/vendor/laravel/lumen-framework/src/Concerns/RegistersExceptionHandlers.php(47): Laravel\\Lumen\\Application->handleError()
#1 [internal function]: Laravel\\Lumen\\Application->Laravel\\Lumen\\Concerns\\{closure}()
#2 /home/abilioneto/Documents/estudos/loopateste/app/Http/Controllers/AppController.php(74): ltrim()
#3 [internal function]: App\\Http\\Controllers\\AppController->App\\Http\\Controllers\\{closure}()
#4 /home/abilioneto/Documents/estudos/loopateste/vendor/illuminate/collections/Collection.php(664): array_map()
#5 /home/abilioneto/Documents/estudos/loopateste/vendor/illuminate/collections/Collection.php(1433): Illuminate\\Support\\Collection->map()
#6 /home/abilioneto/Documents/estudos/loopateste/app/Http/Controllers/AppController.php(78): Illuminate\\Support\\Collection->transform()
#7 /home/abilioneto/Documents/estudos/loopateste/vendor/illuminate/container/BoundMethod.php(36): App\\Http\\Controllers\\AppController->processFile()
#8 /home/abilioneto/Documents/estudos/loopateste/vendor/illuminate/container/Util.php(40): Illuminate\\Container\\BoundMethod::Illuminate\\Container\\{closure}()
#9 /home/abilioneto/Documents/estudos/loopateste/vendor/illuminate/container/BoundMethod.php(93): Illuminate\\Container\\Util::unwrapIfClosure()
#10 /home/abilioneto/Documents/estudos/loopateste/vendor/illuminate/container/BoundMethod.php(37): Illuminate\\Container\\BoundMethod::callBoundMethod()
#11 /home/abilioneto/Documents/estudos/loopateste/vendor/illuminate/container/Container.php(653): Illuminate\\Container\\BoundMethod::call()
#12 /home/abilioneto/Documents/estudos/loopateste/vendor/laravel/lumen-framework/src/Concerns/RoutesRequests.php(389): Illuminate\\Container\\Container->call()
#13 /home/abilioneto/Documents/estudos/loopateste/vendor/laravel/lumen-framework/src/Concerns/RoutesRequests.php(355): Laravel\\Lumen\\Application->callControllerCallable()
#14 /home/abilioneto/Documents/estudos/loopateste/vendor/laravel/lumen-framework/src/Concerns/RoutesRequests.php(329): Laravel\\Lumen\\Application->callLumenController()
#15 /home/abilioneto/Documents/estudos/loopateste/vendor/laravel/lumen-framework/src/Concerns/RoutesRequests.php(282): Laravel\\Lumen\\Application->callControllerAction()
#16 /home/abilioneto/Documents/estudos/loopateste/vendor/laravel/lumen-framework/src/Concerns/RoutesRequests.php(267): Laravel\\Lumen\\Application->callActionOnArrayBasedRoute()
#17 /home/abilioneto/Documents/estudos/loopateste/vendor/laravel/lumen-framework/src/Concerns/RoutesRequests.php(169): Laravel\\Lumen\\Application->handleFoundRoute()
#18 /home/abilioneto/Documents/estudos/loopateste/vendor/laravel/lumen-framework/src/Concerns/RoutesRequests.php(429): Laravel\\Lumen\\Application->Laravel\\Lumen\\Concerns\\{closure}()
#19 /home/abilioneto/Documents/estudos/loopateste/vendor/laravel/lumen-framework/src/Concerns/RoutesRequests.php(175): Laravel\\Lumen\\Application->sendThroughPipeline()
#20 /home/abilioneto/Documents/estudos/loopateste/vendor/laravel/lumen-framework/src/Concerns/RoutesRequests.php(112): Laravel\\Lumen\\Application->dispatch()
#21 /home/abilioneto/Documents/estudos/loopateste/public/index.php(28): Laravel\\Lumen\\Application->run()
#22 {main}
"} 
[2021-11-29 21:07:03] local.ERROR: Undefined index: id {"exception":"[object] (ErrorException(code: 0): Undefined index: id at /home/abilioneto/Documents/estudos/loopateste/app/Repositories/FileRepository.php:82)
[stacktrace]
#0 /home/abilioneto/Documents/estudos/loopateste/vendor/laravel/lumen-framework/src/Concerns/RegistersExceptionHandlers.php(47): Laravel\\Lumen\\Application->handleError()
#1 /home/abilioneto/Documents/estudos/loopateste/app/Repositories/FileRepository.php(82): Laravel\\Lumen\\Application->Laravel\\Lumen\\Concerns\\{closure}()
#2 /home/abilioneto/Documents/estudos/loopateste/app/Http/Controllers/AppController.php(34): App\\Repositories\\FileRepository->processSales()
#3 /home/abilioneto/Documents/estudos/loopateste/vendor/illuminate/container/BoundMethod.php(36): App\\Http\\Controllers\\AppController->processFile()
#4 /home/abilioneto/Documents/estudos/loopateste/vendor/illuminate/container/Util.php(40): Illuminate\\Container\\BoundMethod::Illuminate\\Container\\{closure}()
#5 /home/abilioneto/Documents/estudos/loopateste/vendor/illuminate/container/BoundMethod.php(93): Illuminate\\Container\\Util::unwrapIfClosure()
#6 /home/abilioneto/Documents/estudos/loopateste/vendor/illuminate/container/BoundMethod.php(37): Illuminate\\Container\\BoundMethod::callBoundMethod()
#7 /home/abilioneto/Documents/estudos/loopateste/vendor/illuminate/container/Container.php(653): Illuminate\\Container\\BoundMethod::call()
#8 /home/abilioneto/Documents/estudos/loopateste/vendor/laravel/lumen-framework/src/Concerns/RoutesRequests.php(389): Illuminate\\Container\\Container->call()
#9 /home/abilioneto/Documents/estudos/loopateste/vendor/laravel/lumen-framework/src/Concerns/RoutesRequests.php(355): Laravel\\Lumen\\Application->callControllerCallable()
#10 /home/abilioneto/Documents/estudos/loopateste/vendor/laravel/lumen-framework/src/Concerns/RoutesRequests.php(329): Laravel\\Lumen\\Application->callLumenController()
#11 /home/abilioneto/Documents/estudos/loopateste/vendor/laravel/lumen-framework/src/Concerns/RoutesRequests.php(282): Laravel\\Lumen\\Application->callControllerAction()
#12 /home/abilioneto/Documents/estudos/loopateste/vendor/laravel/lumen-framework/src/Concerns/RoutesRequests.php(267): Laravel\\Lumen\\Application->callActionOnArrayBasedRoute()
#13 /home/abilioneto/Documents/estudos/loopateste/vendor/laravel/lumen-framework/src/Concerns/RoutesRequests.php(169): Laravel\\Lumen\\Application->handleFoundRoute()
#14 /home/abilioneto/Documents/estudos/loopateste/vendor/laravel/lumen-framework/src/Concerns/RoutesRequests.php(429): Laravel\\Lumen\\Application->Laravel\\Lumen\\Concerns\\{closure}()
#15 /home/abilioneto/Documents/estudos/loopateste/vendor/laravel/lumen-framework/src/Concerns/RoutesRequests.php(175): Laravel\\Lumen\\Application->sendThroughPipeline()
#16 /home/abilioneto/Documents/estudos/loopateste/vendor/laravel/lumen-framework/src/Concerns/RoutesRequests.php(112): Laravel\\Lumen\\Application->dispatch()
#17 /home/abilioneto/Documents/estudos/loopateste/public/index.php(28): Laravel\\Lumen\\Application->run()
#18 {main}
"} 
[2021-11-29 21:08:05] local.ERROR: Call to undefined function verifyCep() {"exception":"[object] (Error(code: 0): Call to undefined function verifyCep() at /home/abilioneto/Documents/estudos/loopateste/app/Repositories/FileRepository.php:88)
[stacktrace]
#0 /home/abilioneto/Documents/estudos/loopateste/app/Http/Controllers/AppController.php(34): App\\Repositories\\FileRepository->processSales()
#1 /home/abilioneto/Documents/estudos/loopateste/vendor/illuminate/container/BoundMethod.php(36): App\\Http\\Controllers\\AppController->processFile()
#2 /home/abilioneto/Documents/estudos/loopateste/vendor/illuminate/container/Util.php(40): Illuminate\\Container\\BoundMethod::Illuminate\\Container\\{closure}()
#3 /home/abilioneto/Documents/estudos/loopateste/vendor/illuminate/container/BoundMethod.php(93): Illuminate\\Container\\Util::unwrapIfClosure()
#4 /home/abilioneto/Documents/estudos/loopateste/vendor/illuminate/container/BoundMethod.php(37): Illuminate\\Container\\BoundMethod::callBoundMethod()
#5 /home/abilioneto/Documents/estudos/loopateste/vendor/illuminate/container/Container.php(653): Illuminate\\Container\\BoundMethod::call()
#6 /home/abilioneto/Documents/estudos/loopateste/vendor/laravel/lumen-framework/src/Concerns/RoutesRequests.php(389): Illuminate\\Container\\Container->call()
#7 /home/abilioneto/Documents/estudos/loopateste/vendor/laravel/lumen-framework/src/Concerns/RoutesRequests.php(355): Laravel\\Lumen\\Application->callControllerCallable()
#8 /home/abilioneto/Documents/estudos/loopateste/vendor/laravel/lumen-framework/src/Concerns/RoutesRequests.php(329): Laravel\\Lumen\\Application->callLumenController()
#9 /home/abilioneto/Documents/estudos/loopateste/vendor/laravel/lumen-framework/src/Concerns/RoutesRequests.php(282): Laravel\\Lumen\\Application->callControllerAction()
#10 /home/abilioneto/Documents/estudos/loopateste/vendor/laravel/lumen-framework/src/Concerns/RoutesRequests.php(267): Laravel\\Lumen\\Application->callActionOnArrayBasedRoute()
#11 /home/abilioneto/Documents/estudos/loopateste/vendor/laravel/lumen-framework/src/Concerns/RoutesRequests.php(169): Laravel\\Lumen\\Application->handleFoundRoute()
#12 /home/abilioneto/Documents/estudos/loopateste/vendor/laravel/lumen-framework/src/Concerns/RoutesRequests.php(429): Laravel\\Lumen\\Application->Laravel\\Lumen\\Concerns\\{closure}()
#13 /home/abilioneto/Documents/estudos/loopateste/vendor/laravel/lumen-framework/src/Concerns/RoutesRequests.php(175): Laravel\\Lumen\\Application->sendThroughPipeline()
#14 /home/abilioneto/Documents/estudos/loopateste/vendor/laravel/lumen-framework/src/Concerns/RoutesRequests.php(112): Laravel\\Lumen\\Application->dispatch()
#15 /home/abilioneto/Documents/estudos/loopateste/public/index.php(28): Laravel\\Lumen\\Application->run()
#16 {main}
"} 
[2021-11-29 21:08:20] local.ERROR: Call to undefined function verifyCep() {"exception":"[object] (Error(code: 0): Call to undefined function verifyCep() at /home/abilioneto/Documents/estudos/loopateste/app/Repositories/FileRepository.php:88)
[stacktrace]
#0 /home/abilioneto/Documents/estudos/loopateste/app/Http/Controllers/AppController.php(34): App\\Repositories\\FileRepository->processSales()
#1 /home/abilioneto/Documents/estudos/loopateste/vendor/illuminate/container/BoundMethod.php(36): App\\Http\\Controllers\\AppController->processFile()
#2 /home/abilioneto/Documents/estudos/loopateste/vendor/illuminate/container/Util.php(40): Illuminate\\Container\\BoundMethod::Illuminate\\Container\\{closure}()
#3 /home/abilioneto/Documents/estudos/loopateste/vendor/illuminate/container/BoundMethod.php(93): Illuminate\\Container\\Util::unwrapIfClosure()
#4 /home/abilioneto/Documents/estudos/loopateste/vendor/illuminate/container/BoundMethod.php(37): Illuminate\\Container\\BoundMethod::callBoundMethod()
#5 /home/abilioneto/Documents/estudos/loopateste/vendor/illuminate/container/Container.php(653): Illuminate\\Container\\BoundMethod::call()
#6 /home/abilioneto/Documents/estudos/loopateste/vendor/laravel/lumen-framework/src/Concerns/RoutesRequests.php(389): Illuminate\\Container\\Container->call()
#7 /home/abilioneto/Documents/estudos/loopateste/vendor/laravel/lumen-framework/src/Concerns/RoutesRequests.php(355): Laravel\\Lumen\\Application->callControllerCallable()
#8 /home/abilioneto/Documents/estudos/loopateste/vendor/laravel/lumen-framework/src/Concerns/RoutesRequests.php(329): Laravel\\Lumen\\Application->callLumenController()
#9 /home/abilioneto/Documents/estudos/loopateste/vendor/laravel/lumen-framework/src/Concerns/RoutesRequests.php(282): Laravel\\Lumen\\Application->callControllerAction()
#10 /home/abilioneto/Documents/estudos/loopateste/vendor/laravel/lumen-framework/src/Concerns/RoutesRequests.php(267): Laravel\\Lumen\\Application->callActionOnArrayBasedRoute()
#11 /home/abilioneto/Documents/estudos/loopateste/vendor/laravel/lumen-framework/src/Concerns/RoutesRequests.php(169): Laravel\\Lumen\\Application->handleFoundRoute()
#12 /home/abilioneto/Documents/estudos/loopateste/vendor/laravel/lumen-framework/src/Concerns/RoutesRequests.php(429): Laravel\\Lumen\\Application->Laravel\\Lumen\\Concerns\\{closure}()
#13 /home/abilioneto/Documents/estudos/loopateste/vendor/laravel/lumen-framework/src/Concerns/RoutesRequests.php(175): Laravel\\Lumen\\Application->sendThroughPipeline()
#14 /home/abilioneto/Documents/estudos/loopateste/vendor/laravel/lumen-framework/src/Concerns/RoutesRequests.php(112): Laravel\\Lumen\\Application->dispatch()
#15 /home/abilioneto/Documents/estudos/loopateste/public/index.php(28): Laravel\\Lumen\\Application->run()
#16 {main}
"} 
[2021-11-29 21:11:06] local.ERROR: Trying to access array offset on value of type null {"exception":"[object] (ErrorException(code: 0): Trying to access array offset on value of type null at /home/abilioneto/Documents/estudos/loopateste/app/Helpers/cepValidation.php:13)
[stacktrace]
#0 /home/abilioneto/Documents/estudos/loopateste/vendor/laravel/lumen-framework/src/Concerns/RegistersExceptionHandlers.php(47): Laravel\\Lumen\\Application->handleError()
#1 /home/abilioneto/Documents/estudos/loopateste/app/Helpers/cepValidation.php(13): Laravel\\Lumen\\Application->Laravel\\Lumen\\Concerns\\{closure}()
#2 /home/abilioneto/Documents/estudos/loopateste/app/Repositories/FileRepository.php(88): verifyCep()
#3 /home/abilioneto/Documents/estudos/loopateste/app/Http/Controllers/AppController.php(34): App\\Repositories\\FileRepository->processSales()
#4 /home/abilioneto/Documents/estudos/loopateste/vendor/illuminate/container/BoundMethod.php(36): App\\Http\\Controllers\\AppController->processFile()
#5 /home/abilioneto/Documents/estudos/loopateste/vendor/illuminate/container/Util.php(40): Illuminate\\Container\\BoundMethod::Illuminate\\Container\\{closure}()
#6 /home/abilioneto/Documents/estudos/loopateste/vendor/illuminate/container/BoundMethod.php(93): Illuminate\\Container\\Util::unwrapIfClosure()
#7 /home/abilioneto/Documents/estudos/loopateste/vendor/illuminate/container/BoundMethod.php(37): Illuminate\\Container\\BoundMethod::callBoundMethod()
#8 /home/abilioneto/Documents/estudos/loopateste/vendor/illuminate/container/Container.php(653): Illuminate\\Container\\BoundMethod::call()
#9 /home/abilioneto/Documents/estudos/loopateste/vendor/laravel/lumen-framework/src/Concerns/RoutesRequests.php(389): Illuminate\\Container\\Container->call()
#10 /home/abilioneto/Documents/estudos/loopateste/vendor/laravel/lumen-framework/src/Concerns/RoutesRequests.php(355): Laravel\\Lumen\\Application->callControllerCallable()
#11 /home/abilioneto/Documents/estudos/loopateste/vendor/laravel/lumen-framework/src/Concerns/RoutesRequests.php(329): Laravel\\Lumen\\Application->callLumenController()
#12 /home/abilioneto/Documents/estudos/loopateste/vendor/laravel/lumen-framework/src/Concerns/RoutesRequests.php(282): Laravel\\Lumen\\Application->callControllerAction()
#13 /home/abilioneto/Documents/estudos/loopateste/vendor/laravel/lumen-framework/src/Concerns/RoutesRequests.php(267): Laravel\\Lumen\\Application->callActionOnArrayBasedRoute()
#14 /home/abilioneto/Documents/estudos/loopateste/vendor/laravel/lumen-framework/src/Concerns/RoutesRequests.php(169): Laravel\\Lumen\\Application->handleFoundRoute()
#15 /home/abilioneto/Documents/estudos/loopateste/vendor/laravel/lumen-framework/src/Concerns/RoutesRequests.php(429): Laravel\\Lumen\\Application->Laravel\\Lumen\\Concerns\\{closure}()
#16 /home/abilioneto/Documents/estudos/loopateste/vendor/laravel/lumen-framework/src/Concerns/RoutesRequests.php(175): Laravel\\Lumen\\Application->sendThroughPipeline()
#17 /home/abilioneto/Documents/estudos/loopateste/vendor/laravel/lumen-framework/src/Concerns/RoutesRequests.php(112): Laravel\\Lumen\\Application->dispatch()
#18 /home/abilioneto/Documents/estudos/loopateste/public/index.php(28): Laravel\\Lumen\\Application->run()
#19 {main}
"} 
[2021-11-29 21:11:35] local.ERROR: Trying to access array offset on value of type null {"exception":"[object] (ErrorException(code: 0): Trying to access array offset on value of type null at /home/abilioneto/Documents/estudos/loopateste/app/Helpers/cepValidation.php:13)
[stacktrace]
#0 /home/abilioneto/Documents/estudos/loopateste/vendor/laravel/lumen-framework/src/Concerns/RegistersExceptionHandlers.php(47): Laravel\\Lumen\\Application->handleError()
#1 /home/abilioneto/Documents/estudos/loopateste/app/Helpers/cepValidation.php(13): Laravel\\Lumen\\Application->Laravel\\Lumen\\Concerns\\{closure}()
#2 /home/abilioneto/Documents/estudos/loopateste/app/Repositories/FileRepository.php(88): verifyCep()
#3 /home/abilioneto/Documents/estudos/loopateste/app/Http/Controllers/AppController.php(34): App\\Repositories\\FileRepository->processSales()
#4 /home/abilioneto/Documents/estudos/loopateste/vendor/illuminate/container/BoundMethod.php(36): App\\Http\\Controllers\\AppController->processFile()
#5 /home/abilioneto/Documents/estudos/loopateste/vendor/illuminate/container/Util.php(40): Illuminate\\Container\\BoundMethod::Illuminate\\Container\\{closure}()
#6 /home/abilioneto/Documents/estudos/loopateste/vendor/illuminate/container/BoundMethod.php(93): Illuminate\\Container\\Util::unwrapIfClosure()
#7 /home/abilioneto/Documents/estudos/loopateste/vendor/illuminate/container/BoundMethod.php(37): Illuminate\\Container\\BoundMethod::callBoundMethod()
#8 /home/abilioneto/Documents/estudos/loopateste/vendor/illuminate/container/Container.php(653): Illuminate\\Container\\BoundMethod::call()
#9 /home/abilioneto/Documents/estudos/loopateste/vendor/laravel/lumen-framework/src/Concerns/RoutesRequests.php(389): Illuminate\\Container\\Container->call()
#10 /home/abilioneto/Documents/estudos/loopateste/vendor/laravel/lumen-framework/src/Concerns/RoutesRequests.php(355): Laravel\\Lumen\\Application->callControllerCallable()
#11 /home/abilioneto/Documents/estudos/loopateste/vendor/laravel/lumen-framework/src/Concerns/RoutesRequests.php(329): Laravel\\Lumen\\Application->callLumenController()
#12 /home/abilioneto/Documents/estudos/loopateste/vendor/laravel/lumen-framework/src/Concerns/RoutesRequests.php(282): Laravel\\Lumen\\Application->callControllerAction()
#13 /home/abilioneto/Documents/estudos/loopateste/vendor/laravel/lumen-framework/src/Concerns/RoutesRequests.php(267): Laravel\\Lumen\\Application->callActionOnArrayBasedRoute()
#14 /home/abilioneto/Documents/estudos/loopateste/vendor/laravel/lumen-framework/src/Concerns/RoutesRequests.php(169): Laravel\\Lumen\\Application->handleFoundRoute()
#15 /home/abilioneto/Documents/estudos/loopateste/vendor/laravel/lumen-framework/src/Concerns/RoutesRequests.php(429): Laravel\\Lumen\\Application->Laravel\\Lumen\\Concerns\\{closure}()
#16 /home/abilioneto/Documents/estudos/loopateste/vendor/laravel/lumen-framework/src/Concerns/RoutesRequests.php(175): Laravel\\Lumen\\Application->sendThroughPipeline()
#17 /home/abilioneto/Documents/estudos/loopateste/vendor/laravel/lumen-framework/src/Concerns/RoutesRequests.php(112): Laravel\\Lumen\\Application->dispatch()
#18 /home/abilioneto/Documents/estudos/loopateste/public/index.php(28): Laravel\\Lumen\\Application->run()
#19 {main}
"} 
[2021-11-29 21:20:46] local.ERROR: Undefined variable: sellers {"exception":"[object] (ErrorException(code: 0): Undefined variable: sellers at /home/abilioneto/Documents/estudos/loopateste/app/Http/Controllers/AppController.php:44)
[stacktrace]
#0 /home/abilioneto/Documents/estudos/loopateste/vendor/laravel/lumen-framework/src/Concerns/RegistersExceptionHandlers.php(47): Laravel\\Lumen\\Application->handleError()
#1 /home/abilioneto/Documents/estudos/loopateste/app/Http/Controllers/AppController.php(44): Laravel\\Lumen\\Application->Laravel\\Lumen\\Concerns\\{closure}()
#2 /home/abilioneto/Documents/estudos/loopateste/vendor/illuminate/container/BoundMethod.php(36): App\\Http\\Controllers\\AppController->processFile()
#3 /home/abilioneto/Documents/estudos/loopateste/vendor/illuminate/container/Util.php(40): Illuminate\\Container\\BoundMethod::Illuminate\\Container\\{closure}()
#4 /home/abilioneto/Documents/estudos/loopateste/vendor/illuminate/container/BoundMethod.php(93): Illuminate\\Container\\Util::unwrapIfClosure()
#5 /home/abilioneto/Documents/estudos/loopateste/vendor/illuminate/container/BoundMethod.php(37): Illuminate\\Container\\BoundMethod::callBoundMethod()
#6 /home/abilioneto/Documents/estudos/loopateste/vendor/illuminate/container/Container.php(653): Illuminate\\Container\\BoundMethod::call()
#7 /home/abilioneto/Documents/estudos/loopateste/vendor/laravel/lumen-framework/src/Concerns/RoutesRequests.php(389): Illuminate\\Container\\Container->call()
#8 /home/abilioneto/Documents/estudos/loopateste/vendor/laravel/lumen-framework/src/Concerns/RoutesRequests.php(355): Laravel\\Lumen\\Application->callControllerCallable()
#9 /home/abilioneto/Documents/estudos/loopateste/vendor/laravel/lumen-framework/src/Concerns/RoutesRequests.php(329): Laravel\\Lumen\\Application->callLumenController()
#10 /home/abilioneto/Documents/estudos/loopateste/vendor/laravel/lumen-framework/src/Concerns/RoutesRequests.php(282): Laravel\\Lumen\\Application->callControllerAction()
#11 /home/abilioneto/Documents/estudos/loopateste/vendor/laravel/lumen-framework/src/Concerns/RoutesRequests.php(267): Laravel\\Lumen\\Application->callActionOnArrayBasedRoute()
#12 /home/abilioneto/Documents/estudos/loopateste/vendor/laravel/lumen-framework/src/Concerns/RoutesRequests.php(169): Laravel\\Lumen\\Application->handleFoundRoute()
#13 /home/abilioneto/Documents/estudos/loopateste/vendor/laravel/lumen-framework/src/Concerns/RoutesRequests.php(429): Laravel\\Lumen\\Application->Laravel\\Lumen\\Concerns\\{closure}()
#14 /home/abilioneto/Documents/estudos/loopateste/vendor/laravel/lumen-framework/src/Concerns/RoutesRequests.php(175): Laravel\\Lumen\\Application->sendThroughPipeline()
#15 /home/abilioneto/Documents/estudos/loopateste/vendor/laravel/lumen-framework/src/Concerns/RoutesRequests.php(112): Laravel\\Lumen\\Application->dispatch()
#16 /home/abilioneto/Documents/estudos/loopateste/public/index.php(28): Laravel\\Lumen\\Application->run()
#17 {main}
"} 
[2021-11-29 22:06:15] local.ERROR: syntax error, unexpected ')', expecting ';' {"exception":"[object] (ParseError(code: 0): syntax error, unexpected ')', expecting ';' at /home/abilioneto/Documents/estudos/loopateste/app/Repositories/FileRepository.php:96)
[stacktrace]
#0 /home/abilioneto/Documents/estudos/loopateste/vendor/composer/ClassLoader.php(322): Composer\\Autoload\\includeFile()
#1 [internal function]: Composer\\Autoload\\ClassLoader->loadClass()
#2 [internal function]: spl_autoload_call()
#3 /home/abilioneto/Documents/estudos/loopateste/vendor/illuminate/container/Container.php(877): ReflectionClass->__construct()
#4 /home/abilioneto/Documents/estudos/loopateste/vendor/illuminate/container/Container.php(758): Illuminate\\Container\\Container->build()
#5 /home/abilioneto/Documents/estudos/loopateste/vendor/illuminate/container/Container.php(694): Illuminate\\Container\\Container->resolve()
#6 /home/abilioneto/Documents/estudos/loopateste/vendor/laravel/lumen-framework/src/Application.php(300): Illuminate\\Container\\Container->make()
#7 /home/abilioneto/Documents/estudos/loopateste/vendor/illuminate/container/Container.php(1031): Laravel\\Lumen\\Application->make()
#8 /home/abilioneto/Documents/estudos/loopateste/vendor/illuminate/container/Container.php(951): Illuminate\\Container\\Container->resolveClass()
#9 /home/abilioneto/Documents/estudos/loopateste/vendor/illuminate/container/Container.php(912): Illuminate\\Container\\Container->resolveDependencies()
#10 /home/abilioneto/Documents/estudos/loopateste/vendor/illuminate/container/Container.php(758): Illuminate\\Container\\Container->build()
#11 /home/abilioneto/Documents/estudos/loopateste/vendor/illuminate/container/Container.php(694): Illuminate\\Container\\Container->resolve()
#12 /home/abilioneto/Documents/estudos/loopateste/vendor/laravel/lumen-framework/src/Application.php(300): Illuminate\\Container\\Container->make()
#13 /home/abilioneto/Documents/estudos/loopateste/vendor/laravel/lumen-framework/src/Concerns/RoutesRequests.php(324): Laravel\\Lumen\\Application->make()
#14 /home/abilioneto/Documents/estudos/loopateste/vendor/laravel/lumen-framework/src/Concerns/RoutesRequests.php(282): Laravel\\Lumen\\Application->callControllerAction()
#15 /home/abilioneto/Documents/estudos/loopateste/vendor/laravel/lumen-framework/src/Concerns/RoutesRequests.php(267): Laravel\\Lumen\\Application->callActionOnArrayBasedRoute()
#16 /home/abilioneto/Documents/estudos/loopateste/vendor/laravel/lumen-framework/src/Concerns/RoutesRequests.php(169): Laravel\\Lumen\\Application->handleFoundRoute()
#17 /home/abilioneto/Documents/estudos/loopateste/vendor/laravel/lumen-framework/src/Concerns/RoutesRequests.php(429): Laravel\\Lumen\\Application->Laravel\\Lumen\\Concerns\\{closure}()
#18 /home/abilioneto/Documents/estudos/loopateste/vendor/laravel/lumen-framework/src/Concerns/RoutesRequests.php(175): Laravel\\Lumen\\Application->sendThroughPipeline()
#19 /home/abilioneto/Documents/estudos/loopateste/vendor/laravel/lumen-framework/src/Concerns/RoutesRequests.php(112): Laravel\\Lumen\\Application->dispatch()
#20 /home/abilioneto/Documents/estudos/loopateste/public/index.php(28): Laravel\\Lumen\\Application->run()
#21 {main}
"} 
[2021-11-29 22:06:15] local.ERROR: syntax error, unexpected ')', expecting ';' {"exception":"[object] (ParseError(code: 0): syntax error, unexpected ')', expecting ';' at /home/abilioneto/Documents/estudos/loopateste/app/Repositories/FileRepository.php:96)
[stacktrace]
#0 /home/abilioneto/Documents/estudos/loopateste/vendor/composer/ClassLoader.php(322): Composer\\Autoload\\includeFile()
#1 [internal function]: Composer\\Autoload\\ClassLoader->loadClass()
#2 [internal function]: spl_autoload_call()
#3 /home/abilioneto/Documents/estudos/loopateste/vendor/illuminate/container/Container.php(877): ReflectionClass->__construct()
#4 /home/abilioneto/Documents/estudos/loopateste/vendor/illuminate/container/Container.php(758): Illuminate\\Container\\Container->build()
#5 /home/abilioneto/Documents/estudos/loopateste/vendor/illuminate/container/Container.php(694): Illuminate\\Container\\Container->resolve()
#6 /home/abilioneto/Documents/estudos/loopateste/vendor/laravel/lumen-framework/src/Application.php(300): Illuminate\\Container\\Container->make()
#7 /home/abilioneto/Documents/estudos/loopateste/vendor/illuminate/container/Container.php(1031): Laravel\\Lumen\\Application->make()
#8 /home/abilioneto/Documents/estudos/loopateste/vendor/illuminate/container/Container.php(951): Illuminate\\Container\\Container->resolveClass()
#9 /home/abilioneto/Documents/estudos/loopateste/vendor/illuminate/container/Container.php(912): Illuminate\\Container\\Container->resolveDependencies()
#10 /home/abilioneto/Documents/estudos/loopateste/vendor/illuminate/container/Container.php(758): Illuminate\\Container\\Container->build()
#11 /home/abilioneto/Documents/estudos/loopateste/vendor/illuminate/container/Container.php(694): Illuminate\\Container\\Container->resolve()
#12 /home/abilioneto/Documents/estudos/loopateste/vendor/laravel/lumen-framework/src/Application.php(300): Illuminate\\Container\\Container->make()
#13 /home/abilioneto/Documents/estudos/loopateste/vendor/laravel/lumen-framework/src/Concerns/RoutesRequests.php(324): Laravel\\Lumen\\Application->make()
#14 /home/abilioneto/Documents/estudos/loopateste/vendor/laravel/lumen-framework/src/Concerns/RoutesRequests.php(282): Laravel\\Lumen\\Application->callControllerAction()
#15 /home/abilioneto/Documents/estudos/loopateste/vendor/laravel/lumen-framework/src/Concerns/RoutesRequests.php(267): Laravel\\Lumen\\Application->callActionOnArrayBasedRoute()
#16 /home/abilioneto/Documents/estudos/loopateste/vendor/laravel/lumen-framework/src/Concerns/RoutesRequests.php(169): Laravel\\Lumen\\Application->handleFoundRoute()
#17 /home/abilioneto/Documents/estudos/loopateste/vendor/laravel/lumen-framework/src/Concerns/RoutesRequests.php(429): Laravel\\Lumen\\Application->Laravel\\Lumen\\Concerns\\{closure}()
#18 /home/abilioneto/Documents/estudos/loopateste/vendor/laravel/lumen-framework/src/Concerns/RoutesRequests.php(175): Laravel\\Lumen\\Application->sendThroughPipeline()
#19 /home/abilioneto/Documents/estudos/loopateste/vendor/laravel/lumen-framework/src/Concerns/RoutesRequests.php(112): Laravel\\Lumen\\Application->dispatch()
#20 /home/abilioneto/Documents/estudos/loopateste/public/index.php(28): Laravel\\Lumen\\Application->run()
#21 {main}
"} 
